{
  "RSpec": {
    "coverage": {
      "/home/ShashaIsTheBest/tic-tac-toe-rb-v-000/lib/tic_tac_toe.rb": [
        1,
        5,
        5,
        5,
        5,
        5,
        null,
        null,
        null,
        1,
        null,
        null,
        null,
        null,
        null,
        null,
        null,
        null,
        null,
        1,
        3,
        null,
        null,
        1,
        2,
        null,
        null,
        1,
        6,
        3,
        null,
        3,
        null,
        null,
        null,
        1,
        3,
        1,
        null,
        2,
        null,
        null,
        null,
        null,
        1,
        7,
        7,
        7,
        0,
        0,
        null,
        0,
        null,
        null,
        1,
        20,
        null,
        null,
        1,
        1,
        null,
        null,
        null,
        null,
        null,
        null,
        null,
        null,
        null,
        null,
        1,
        25,
        null,
        null,
        1,
        6,
        null,
        null,
        1,
        11,
        null,
        null,
        null,
        null,
        null,
        null,
        null,
        null,
        1,
        12,
        5,
        null,
        0,
        0,
        0,
        0,
        null,
        null
      ]
    },
    "timestamp": 1621177877
  }
}
